<?xml version="1.0" encoding="UTF-8"?>
<!-- Generated by org.testng.reporters.JUnitReportReporter -->
<testsuite hostname="P561Q944VC" failures="0" tests="1" name="testScenarios.TestCase_YoutubeDemo" time="67.231" errors="0" timestamp="2023-08-17T11:17:13 IST" skipped="0">
  <testcase classname="testScenarios.TestCase_YoutubeDemo" name="TC01_Youtube_Video_Quality_Change" time="67.231"/>
</testsuite> <!-- testScenarios.TestCase_YoutubeDemo -->
