<?xml version="1.0" encoding="UTF-8"?>
<!-- Generated by org.testng.reporters.JUnitReportReporter -->
<testsuite hostname="WWXYY7F2XH" failures="0" tests="1" name="testScenarios.TestCase_YoutubeDemo" time="16.831" errors="0" timestamp="2023-08-14T16:27:47 IST" skipped="0">
  <testcase classname="testScenarios.TestCase_YoutubeDemo" name="TC01_Youtube_Video_Quality_Change" time="16.831"/>
</testsuite> <!-- testScenarios.TestCase_YoutubeDemo -->
